<?xml version="1.0" encoding="UTF-8"?>
<!-- Generated by org.testng.reporters.JUnitXMLReporter -->
<testsuite ignored="4" hostname="Amits-MacBook-Pro.local" failures="0" tests="1" name="APIAutomationFramework" time="0.8" errors="0" timestamp="2025-04-08T10:24:21 IST">
  <testcase classname="com.api.practice.ValidateResponse" name="verifyJSONSchema" time="0.755"/>
  <testcase classname="com.api.practice.ValidateResponse" name="getResponseValidationUsingThen" time="0.0">
    <ignored/>
  </testcase> <!-- getResponseValidationUsingThen -->
  <testcase classname="com.api.practice.ValidateResponse" name="getResponseValidation" time="0.0">
    <ignored/>
  </testcase> <!-- getResponseValidation -->
  <testcase classname="com.api.practice.ValidateResponse" name="getResponseValidationUsingObject" time="0.0">
    <ignored/>
  </testcase> <!-- getResponseValidationUsingObject -->
  <testcase classname="com.api.practice.ValidateResponse" name="getResponseValidationComplexJson" time="0.0">
    <ignored/>
  </testcase> <!-- getResponseValidationComplexJson -->
</testsuite> <!-- APIAutomationFramework -->
