<?xml version="1.0" encoding="UTF-8"?>
<!-- Generated by org.testng.reporters.JUnitXMLReporter -->
<testsuite ignored="0" hostname="Amits-MacBook-Pro.local" failures="1" tests="1" name="APIAutomationFramework" time="1.361" errors="0" timestamp="2025-03-29T17:36:09 IST">
  <testcase classname="com.api.tests.UpdateProfileTest" name="updateProfileAll" time="1.324">
    <failure type="java.lang.AssertionError" message="expected [2001] but found [200]">
      <![CDATA[java.lang.AssertionError: expected [2001] but found [200]
at com.api.tests.UpdateProfileTest.updateProfileAll(UpdateProfileTest.java:33)
at java.base/java.util.ArrayList.forEach(ArrayList.java:1597)
at com.intellij.rt.testng.IDEARemoteTestNG.run(IDEARemoteTestNG.java:65)
at com.intellij.rt.testng.RemoteTestNGStarter.main(RemoteTestNGStarter.java:105)
... Removed 29 stack frames]]>
    </failure>
  </testcase> <!-- updateProfileAll -->
</testsuite> <!-- APIAutomationFramework -->
