<?xml version="1.0" encoding="UTF-8"?>
<testng-results ignored="1" total="2" passed="1" failed="0" skipped="0">
  <reporter-output>
  </reporter-output>
  <suite started-at="2025-04-10T12:30:40 IST" name="Default suite" finished-at="2025-04-10T12:30:42 IST" duration-ms="1280">
    <groups>
    </groups>
    <test started-at="2025-04-10T12:30:40 IST" name="Default test" finished-at="2025-04-10T12:30:42 IST" duration-ms="1280">
      <class name="com.api.practice.PostRequest">
        <test-method signature="getRequest()[pri:0, instance:com.api.practice.PostRequest@4ea5b703]" started-at="2025-04-10T12:30:40 IST" name="getRequest" finished-at="2025-04-10T12:30:42 IST" duration-ms="1239" status="PASS">
          <reporter-output>
          </reporter-output>
        </test-method> <!-- getRequest -->
      </class> <!-- com.api.practice.PostRequest -->
    </test> <!-- Default test -->
  </suite> <!-- Default suite -->
</testng-results>
